1562783923100	mozrunner::runner	INFO	Running command: "C:\\Program Files (x86)\\Mozilla Firefox\\firefox.exe" "-marionette" "-foreground" "-no-remote" "-profile" "C:\\Users\\WR26CE~1.MOR\\AppData\\Local\\Temp\\rust_mozprofile.AL4w75MuhEp9"
1562783923737	addons.webextension.screenshots@mozilla.org	WARN	Loading extension 'screenshots@mozilla.org': Reading manifest: Invalid extension permission: mozillaAddons
1562783923738	addons.webextension.screenshots@mozilla.org	WARN	Loading extension 'screenshots@mozilla.org': Reading manifest: Invalid extension permission: resource://pdf.js/
1562783923738	addons.webextension.screenshots@mozilla.org	WARN	Loading extension 'screenshots@mozilla.org': Reading manifest: Invalid extension permission: about:reader*
1562783925416	Marionette	INFO	Listening on port 49684
1562783925827	Marionette	WARN	TLS certificate errors will be ignored for this session
1562783930284	Marionette	WARN	TimedPromise timed out after 0 ms: stacktrace:
bail@chrome://marionette/content/sync.js:223:64
1562783930834	Marionette	INFO	Stopped listening on port 49684
[Child 16564, Chrome_ChildThread] WARNING: pipe error: 109: file z:/task_1560988628/build/src/ipc/chromium/src/chrome/common/ipc_channel_win.cc, line 341
[Child 16564, Chrome_ChildThread] WARNING: pipe error: 109: file z:/task_1560988628/build/src/ipc/chromium/src/chrome/common/ipc_channel_win.cc, line 341
[Child 23016, Chrome_ChildThread] WARNING: pipe error: 109: file z:/task_1560988628/build/src/ipc/chromium/src/chrome/common/ipc_channel_win.cc, line 341
[Child 23016, Chrome_ChildThread] WARNING: pipe error: 109: file z:/task_1560988628/build/src/ipc/chromium/src/chrome/common/ipc_channel_win.cc, line 341
[Child 22880, Chrome_ChildThread] WARNING: pipe error: 109: file z:/task_1560988628/build/src/ipc/chromium/src/chrome/common/ipc_channel_win.cc, line 341
[GPU 19660
###!!! [Child][RunMessage] Error: Channel closing: too late to send/recv, messages will be lost

, Chrome_ChildThread] WARNING: pipe error: 109: file z:/task_1560988628/build/src/ipc/chromium/src/chrome/common/ipc_channel_win.cc, line 341

###!!! [Child][MessageChannel::SendAndWait] Error: Channel error: cannot send/recv

e z:/task_1560988628/build/src/ipc/chromium/src/chrome/common/ipc_channel_win.cc, line 341

###!!! [Child][MessageChannel::SendAndWait] Error: Channel error: cannot send/recv

recv

ped listening on port 65172
[GPU 22
###!!! [Child][RunMessage] Error: Channel closing: too late to send/recv, messages will be lost

088, Chrome_ChildThread] WARNING: pipe error: 109: file z:/task_1560988628/build/src/ipc/chromium/src/chrome/common/ipc_channel_win.cc, line 341

###!!! [Child][MessageChannel::SendAndWait] Error: Channel error: cannot send/recv

ine 341

###!!! [Child][RunMessage] Error: Channel closing: too late to send/recv, messages will be lost


###!!! [Child][MessageChannel::SendAndWait] Error: Channel error: cannot send/recv

